<html>
<head>
<title>TestNG:  Coinsquare NB Test</title>
<link href="../testng.css" rel="stylesheet" type="text/css" />
<link href="../my-testng.css" rel="stylesheet" type="text/css" />

<style type="text/css">
.log { display: none;} 
.stack-trace { display: none;} 
</style>
<script type="text/javascript">
<!--
function flip(e) {
  current = e.style.display;
  if (current == 'block') {
    e.style.display = 'none';
    return 0;
  }
  else {
    e.style.display = 'block';
    return 1;
  }
}

function toggleBox(szDivId, elem, msg1, msg2)
{
  var res = -1;  if (document.getElementById) {
    res = flip(document.getElementById(szDivId));
  }
  else if (document.all) {
    // this is the way old msie versions work
    res = flip(document.all[szDivId]);
  }
  if(elem) {
    if(res == 0) elem.innerHTML = msg1; else elem.innerHTML = msg2;
  }

}

function toggleAllBoxes() {
  if (document.getElementsByTagName) {
    d = document.getElementsByTagName('div');
    for (i = 0; i < d.length; i++) {
      if (d[i].className == 'log') {
        flip(d[i]);
      }
    }
  }
}

// -->
</script>

</head>
<body>
<h2 align='center'>Coinsquare NB Test</h2><table border='1' align="center">
<tr>
<td>Tests passed/Failed/Skipped:</td><td>22/6/0</td>
</tr><tr>
<td>Started on:</td><td>Fri Aug 17 09:30:25 EDT 2018</td>
</tr>
<tr><td>Total time:</td><td>5114 seconds (5114054 ms)</td>
</tr><tr>
<td>Included groups:</td><td></td>
</tr><tr>
<td>Excluded groups:</td><td></td>
</tr>
</table><p/>
<small><i>(Hover the method name to see the test class name)</i></small><p/>
<table width='100%' border='1' class='invocation-failed'>
<tr><td colspan='4' align='center'><b>FAILED TESTS</b></td></tr>
<tr><td><b>Test method</b></td>
<td width="30%"><b>Exception</b></td>
<td width="10%"><b>Time (seconds)</b></td>
<td><b>Instance</b></td>
</tr>
<tr>
<td title='com.cs.ui.test.nb.webpage.C8882_HomePage.homePageHtml()'><b>homePageHtml</b><br>Test class: com.cs.ui.test.nb.webpage.C8882_HomePage</td>
<td><div><pre>java.lang.NullPointerException
	at com.cs.ks.util.KSU.writeHtmlToFile(KSU.java:88)
	at com.cs.ui.test.nb.webpage.C8882_HomePage.homePageHtml(C8882_HomePage.java:53)
... Removed 24 stack frames</pre></div><a href='#' onClick='toggleBox("stack-trace2143139988", this, "Click to show all stack frames", "Click to hide stack frames")'>Click to show all stack frames</a>
<div class='stack-trace' id='stack-trace2143139988'><pre>java.lang.NullPointerException
	at com.cs.ks.util.KSU.writeHtmlToFile(KSU.java:88)
	at com.cs.ui.test.nb.webpage.C8882_HomePage.homePageHtml(C8882_HomePage.java:53)
	at sun.reflect.NativeMethodAccessorImpl.invoke0(Native Method)
	at sun.reflect.NativeMethodAccessorImpl.invoke(NativeMethodAccessorImpl.java:62)
	at sun.reflect.DelegatingMethodAccessorImpl.invoke(DelegatingMethodAccessorImpl.java:43)
	at java.lang.reflect.Method.invoke(Method.java:498)
	at org.testng.internal.MethodInvocationHelper.invokeMethod(MethodInvocationHelper.java:124)
	at org.testng.internal.Invoker.invokeMethod(Invoker.java:571)
	at org.testng.internal.Invoker.invokeTestMethod(Invoker.java:707)
	at org.testng.internal.Invoker.invokeTestMethods(Invoker.java:979)
	at org.testng.internal.TestMethodWorker.invokeTestMethods(TestMethodWorker.java:125)
	at org.testng.internal.TestMethodWorker.run(TestMethodWorker.java:109)
	at org.testng.TestRunner.privateRun(TestRunner.java:648)
	at org.testng.TestRunner.run(TestRunner.java:505)
	at org.testng.SuiteRunner.runTest(SuiteRunner.java:455)
	at org.testng.SuiteRunner.runSequentially(SuiteRunner.java:450)
	at org.testng.SuiteRunner.privateRun(SuiteRunner.java:415)
	at org.testng.SuiteRunner.run(SuiteRunner.java:364)
	at org.testng.SuiteRunnerWorker.runSuite(SuiteRunnerWorker.java:52)
	at org.testng.SuiteRunnerWorker.run(SuiteRunnerWorker.java:84)
	at org.testng.TestNG.runSuitesSequentially(TestNG.java:1187)
	at org.testng.TestNG.runSuitesLocally(TestNG.java:1116)
	at org.testng.TestNG.runSuites(TestNG.java:1028)
	at org.testng.TestNG.run(TestNG.java:996)
	at org.testng.TestNG.privateMain(TestNG.java:1330)
	at org.testng.TestNG.main(TestNG.java:1299)
</pre></div></td>
<td>8</td>
<td>com.cs.ui.test.nb.webpage.C8882_HomePage@7a79be86</td></tr>
<tr>
<td title='com.cs.ui.test.nb.dashboard.quicktrade.C5505_CadBch.quickTradeCadBch()'><b>quickTradeCadBch</b><br>Test class: com.cs.ui.test.nb.dashboard.quicktrade.C5505_CadBch</td>
<td><div><pre>java.lang.NullPointerException
	at com.cs.ui.util.WebActionUtil.selectDropdown(WebActionUtil.java:129)
	at com.cs.ui.feature.QuickTrade.quickTradeReturnQuote(QuickTrade.java:128)
	at com.cs.ui.test.nb.dashboard.quicktrade.C5505_CadBch.quickTradeCadBch(C5505_CadBch.java:84)
... Removed 24 stack frames</pre></div><a href='#' onClick='toggleBox("stack-trace808417649", this, "Click to show all stack frames", "Click to hide stack frames")'>Click to show all stack frames</a>
<div class='stack-trace' id='stack-trace808417649'><pre>java.lang.NullPointerException
	at com.cs.ui.util.WebActionUtil.selectDropdown(WebActionUtil.java:129)
	at com.cs.ui.feature.QuickTrade.quickTradeReturnQuote(QuickTrade.java:128)
	at com.cs.ui.test.nb.dashboard.quicktrade.C5505_CadBch.quickTradeCadBch(C5505_CadBch.java:84)
	at sun.reflect.NativeMethodAccessorImpl.invoke0(Native Method)
	at sun.reflect.NativeMethodAccessorImpl.invoke(NativeMethodAccessorImpl.java:62)
	at sun.reflect.DelegatingMethodAccessorImpl.invoke(DelegatingMethodAccessorImpl.java:43)
	at java.lang.reflect.Method.invoke(Method.java:498)
	at org.testng.internal.MethodInvocationHelper.invokeMethod(MethodInvocationHelper.java:124)
	at org.testng.internal.Invoker.invokeMethod(Invoker.java:571)
	at org.testng.internal.Invoker.invokeTestMethod(Invoker.java:707)
	at org.testng.internal.Invoker.invokeTestMethods(Invoker.java:979)
	at org.testng.internal.TestMethodWorker.invokeTestMethods(TestMethodWorker.java:125)
	at org.testng.internal.TestMethodWorker.run(TestMethodWorker.java:109)
	at org.testng.TestRunner.privateRun(TestRunner.java:648)
	at org.testng.TestRunner.run(TestRunner.java:505)
	at org.testng.SuiteRunner.runTest(SuiteRunner.java:455)
	at org.testng.SuiteRunner.runSequentially(SuiteRunner.java:450)
	at org.testng.SuiteRunner.privateRun(SuiteRunner.java:415)
	at org.testng.SuiteRunner.run(SuiteRunner.java:364)
	at org.testng.SuiteRunnerWorker.runSuite(SuiteRunnerWorker.java:52)
	at org.testng.SuiteRunnerWorker.run(SuiteRunnerWorker.java:84)
	at org.testng.TestNG.runSuitesSequentially(TestNG.java:1187)
	at org.testng.TestNG.runSuitesLocally(TestNG.java:1116)
	at org.testng.TestNG.runSuites(TestNG.java:1028)
	at org.testng.TestNG.run(TestNG.java:996)
	at org.testng.TestNG.privateMain(TestNG.java:1330)
	at org.testng.TestNG.main(TestNG.java:1299)
</pre></div></td>
<td>420</td>
<td>com.cs.ui.test.nb.dashboard.quicktrade.C5505_CadBch@1cd072a9</td></tr>
<tr>
<td title='com.cs.ui.test.nb.dashboard.quicktrade.C5529_DogeBch.quickTradeDogeBch()'><b>quickTradeDogeBch</b><br>Test class: com.cs.ui.test.nb.dashboard.quicktrade.C5529_DogeBch</td>
<td><div><pre>java.lang.AssertionError: expected [true] but found [false]
	at com.cs.ui.feature.Transactions.verifyLedger(Transactions.java:229)
	at com.cs.ui.test.nb.dashboard.quicktrade.C5529_DogeBch.quickTradeDogeBch(C5529_DogeBch.java:84)
... Removed 28 stack frames</pre></div><a href='#' onClick='toggleBox("stack-trace1823923917", this, "Click to show all stack frames", "Click to hide stack frames")'>Click to show all stack frames</a>
<div class='stack-trace' id='stack-trace1823923917'><pre>java.lang.AssertionError: expected [true] but found [false]
	at org.testng.Assert.fail(Assert.java:96)
	at org.testng.Assert.failNotEquals(Assert.java:776)
	at org.testng.Assert.assertTrue(Assert.java:44)
	at org.testng.Assert.assertTrue(Assert.java:54)
	at com.cs.ui.feature.Transactions.verifyLedger(Transactions.java:229)
	at com.cs.ui.test.nb.dashboard.quicktrade.C5529_DogeBch.quickTradeDogeBch(C5529_DogeBch.java:84)
	at sun.reflect.NativeMethodAccessorImpl.invoke0(Native Method)
	at sun.reflect.NativeMethodAccessorImpl.invoke(NativeMethodAccessorImpl.java:62)
	at sun.reflect.DelegatingMethodAccessorImpl.invoke(DelegatingMethodAccessorImpl.java:43)
	at java.lang.reflect.Method.invoke(Method.java:498)
	at org.testng.internal.MethodInvocationHelper.invokeMethod(MethodInvocationHelper.java:124)
	at org.testng.internal.Invoker.invokeMethod(Invoker.java:571)
	at org.testng.internal.Invoker.invokeTestMethod(Invoker.java:707)
	at org.testng.internal.Invoker.invokeTestMethods(Invoker.java:979)
	at org.testng.internal.TestMethodWorker.invokeTestMethods(TestMethodWorker.java:125)
	at org.testng.internal.TestMethodWorker.run(TestMethodWorker.java:109)
	at org.testng.TestRunner.privateRun(TestRunner.java:648)
	at org.testng.TestRunner.run(TestRunner.java:505)
	at org.testng.SuiteRunner.runTest(SuiteRunner.java:455)
	at org.testng.SuiteRunner.runSequentially(SuiteRunner.java:450)
	at org.testng.SuiteRunner.privateRun(SuiteRunner.java:415)
	at org.testng.SuiteRunner.run(SuiteRunner.java:364)
	at org.testng.SuiteRunnerWorker.runSuite(SuiteRunnerWorker.java:52)
	at org.testng.SuiteRunnerWorker.run(SuiteRunnerWorker.java:84)
	at org.testng.TestNG.runSuitesSequentially(TestNG.java:1187)
	at org.testng.TestNG.runSuitesLocally(TestNG.java:1116)
	at org.testng.TestNG.runSuites(TestNG.java:1028)
	at org.testng.TestNG.run(TestNG.java:996)
	at org.testng.TestNG.privateMain(TestNG.java:1330)
	at org.testng.TestNG.main(TestNG.java:1299)
</pre></div></td>
<td>185</td>
<td>com.cs.ui.test.nb.dashboard.quicktrade.C5529_DogeBch@e580929</td></tr>
<tr>
<td title='com.cs.ui.test.nb.dashboard.quicktrade.C5528_LtcEth.quickTradeLtcEth()'><b>quickTradeLtcEth</b><br>Test class: com.cs.ui.test.nb.dashboard.quicktrade.C5528_LtcEth</td>
<td><div><pre>java.lang.AssertionError: expected [true] but found [false]
	at com.cs.ui.feature.Transactions.verifyLedger(Transactions.java:229)
	at com.cs.ui.test.nb.dashboard.quicktrade.C5528_LtcEth.quickTradeLtcEth(C5528_LtcEth.java:84)
... Removed 28 stack frames</pre></div><a href='#' onClick='toggleBox("stack-trace1636291061", this, "Click to show all stack frames", "Click to hide stack frames")'>Click to show all stack frames</a>
<div class='stack-trace' id='stack-trace1636291061'><pre>java.lang.AssertionError: expected [true] but found [false]
	at org.testng.Assert.fail(Assert.java:96)
	at org.testng.Assert.failNotEquals(Assert.java:776)
	at org.testng.Assert.assertTrue(Assert.java:44)
	at org.testng.Assert.assertTrue(Assert.java:54)
	at com.cs.ui.feature.Transactions.verifyLedger(Transactions.java:229)
	at com.cs.ui.test.nb.dashboard.quicktrade.C5528_LtcEth.quickTradeLtcEth(C5528_LtcEth.java:84)
	at sun.reflect.NativeMethodAccessorImpl.invoke0(Native Method)
	at sun.reflect.NativeMethodAccessorImpl.invoke(NativeMethodAccessorImpl.java:62)
	at sun.reflect.DelegatingMethodAccessorImpl.invoke(DelegatingMethodAccessorImpl.java:43)
	at java.lang.reflect.Method.invoke(Method.java:498)
	at org.testng.internal.MethodInvocationHelper.invokeMethod(MethodInvocationHelper.java:124)
	at org.testng.internal.Invoker.invokeMethod(Invoker.java:571)
	at org.testng.internal.Invoker.invokeTestMethod(Invoker.java:707)
	at org.testng.internal.Invoker.invokeTestMethods(Invoker.java:979)
	at org.testng.internal.TestMethodWorker.invokeTestMethods(TestMethodWorker.java:125)
	at org.testng.internal.TestMethodWorker.run(TestMethodWorker.java:109)
	at org.testng.TestRunner.privateRun(TestRunner.java:648)
	at org.testng.TestRunner.run(TestRunner.java:505)
	at org.testng.SuiteRunner.runTest(SuiteRunner.java:455)
	at org.testng.SuiteRunner.runSequentially(SuiteRunner.java:450)
	at org.testng.SuiteRunner.privateRun(SuiteRunner.java:415)
	at org.testng.SuiteRunner.run(SuiteRunner.java:364)
	at org.testng.SuiteRunnerWorker.runSuite(SuiteRunnerWorker.java:52)
	at org.testng.SuiteRunnerWorker.run(SuiteRunnerWorker.java:84)
	at org.testng.TestNG.runSuitesSequentially(TestNG.java:1187)
	at org.testng.TestNG.runSuitesLocally(TestNG.java:1116)
	at org.testng.TestNG.runSuites(TestNG.java:1028)
	at org.testng.TestNG.run(TestNG.java:996)
	at org.testng.TestNG.privateMain(TestNG.java:1330)
	at org.testng.TestNG.main(TestNG.java:1299)
</pre></div></td>
<td>164</td>
<td>com.cs.ui.test.nb.dashboard.quicktrade.C5528_LtcEth@5594a1b5</td></tr>
<tr>
<td title='com.cs.ui.test.nb.dashboard.quicktrade.percent.C5511_UsdBtc_25Percent.quickTradeUsdBtc_25Percent()'><b>quickTradeUsdBtc_25Percent</b><br>Test class: com.cs.ui.test.nb.dashboard.quicktrade.percent.C5511_UsdBtc_25Percent</td>
<td><div><pre>java.lang.AssertionError: expected [1.08] but found [1.0825]
	at com.cs.ui.feature.QuickTrade.verifyPercentAmt(QuickTrade.java:248)
	at com.cs.ui.feature.QuickTrade.quickTradeByPercentReQuote(QuickTrade.java:187)
	at com.cs.ui.test.nb.dashboard.quicktrade.percent.C5511_UsdBtc_25Percent.quickTradeUsdBtc_25Percent(C5511_UsdBtc_25Percent.java:52)
... Removed 29 stack frames</pre></div><a href='#' onClick='toggleBox("stack-trace157168588", this, "Click to show all stack frames", "Click to hide stack frames")'>Click to show all stack frames</a>
<div class='stack-trace' id='stack-trace157168588'><pre>java.lang.AssertionError: expected [1.08] but found [1.0825]
	at org.testng.Assert.fail(Assert.java:96)
	at org.testng.Assert.failNotEquals(Assert.java:776)
	at org.testng.Assert.assertEqualsImpl(Assert.java:137)
	at org.testng.Assert.assertEquals(Assert.java:118)
	at org.testng.Assert.assertEquals(Assert.java:442)
	at com.cs.ui.feature.QuickTrade.verifyPercentAmt(QuickTrade.java:248)
	at com.cs.ui.feature.QuickTrade.quickTradeByPercentReQuote(QuickTrade.java:187)
	at com.cs.ui.test.nb.dashboard.quicktrade.percent.C5511_UsdBtc_25Percent.quickTradeUsdBtc_25Percent(C5511_UsdBtc_25Percent.java:52)
	at sun.reflect.NativeMethodAccessorImpl.invoke0(Native Method)
	at sun.reflect.NativeMethodAccessorImpl.invoke(NativeMethodAccessorImpl.java:62)
	at sun.reflect.DelegatingMethodAccessorImpl.invoke(DelegatingMethodAccessorImpl.java:43)
	at java.lang.reflect.Method.invoke(Method.java:498)
	at org.testng.internal.MethodInvocationHelper.invokeMethod(MethodInvocationHelper.java:124)
	at org.testng.internal.Invoker.invokeMethod(Invoker.java:571)
	at org.testng.internal.Invoker.invokeTestMethod(Invoker.java:707)
	at org.testng.internal.Invoker.invokeTestMethods(Invoker.java:979)
	at org.testng.internal.TestMethodWorker.invokeTestMethods(TestMethodWorker.java:125)
	at org.testng.internal.TestMethodWorker.run(TestMethodWorker.java:109)
	at org.testng.TestRunner.privateRun(TestRunner.java:648)
	at org.testng.TestRunner.run(TestRunner.java:505)
	at org.testng.SuiteRunner.runTest(SuiteRunner.java:455)
	at org.testng.SuiteRunner.runSequentially(SuiteRunner.java:450)
	at org.testng.SuiteRunner.privateRun(SuiteRunner.java:415)
	at org.testng.SuiteRunner.run(SuiteRunner.java:364)
	at org.testng.SuiteRunnerWorker.runSuite(SuiteRunnerWorker.java:52)
	at org.testng.SuiteRunnerWorker.run(SuiteRunnerWorker.java:84)
	at org.testng.TestNG.runSuitesSequentially(TestNG.java:1187)
	at org.testng.TestNG.runSuitesLocally(TestNG.java:1116)
	at org.testng.TestNG.runSuites(TestNG.java:1028)
	at org.testng.TestNG.run(TestNG.java:996)
	at org.testng.TestNG.privateMain(TestNG.java:1330)
	at org.testng.TestNG.main(TestNG.java:1299)
</pre></div></td>
<td>30</td>
<td>com.cs.ui.test.nb.dashboard.quicktrade.percent.C5511_UsdBtc_25Percent@1e643faf</td></tr>
<tr>
<td title='com.cs.ui.test.nb.dashboard.quicktrade.percent.C5517_UsdEth_50Percent.quickTradeUsdEth_50Percent()'><b>quickTradeUsdEth_50Percent</b><br>Test class: com.cs.ui.test.nb.dashboard.quicktrade.percent.C5517_UsdEth_50Percent</td>
<td><div><pre>java.lang.AssertionError: expected [2.360] but found [2.36]
	at com.cs.ui.feature.QuickTrade.verifyPercentAmt(QuickTrade.java:248)
	at com.cs.ui.feature.QuickTrade.quickTradeByPercentReQuote(QuickTrade.java:187)
	at com.cs.ui.test.nb.dashboard.quicktrade.percent.C5517_UsdEth_50Percent.quickTradeUsdEth_50Percent(C5517_UsdEth_50Percent.java:52)
... Removed 29 stack frames</pre></div><a href='#' onClick='toggleBox("stack-trace1320105604", this, "Click to show all stack frames", "Click to hide stack frames")'>Click to show all stack frames</a>
<div class='stack-trace' id='stack-trace1320105604'><pre>java.lang.AssertionError: expected [2.360] but found [2.36]
	at org.testng.Assert.fail(Assert.java:96)
	at org.testng.Assert.failNotEquals(Assert.java:776)
	at org.testng.Assert.assertEqualsImpl(Assert.java:137)
	at org.testng.Assert.assertEquals(Assert.java:118)
	at org.testng.Assert.assertEquals(Assert.java:442)
	at com.cs.ui.feature.QuickTrade.verifyPercentAmt(QuickTrade.java:248)
	at com.cs.ui.feature.QuickTrade.quickTradeByPercentReQuote(QuickTrade.java:187)
	at com.cs.ui.test.nb.dashboard.quicktrade.percent.C5517_UsdEth_50Percent.quickTradeUsdEth_50Percent(C5517_UsdEth_50Percent.java:52)
	at sun.reflect.NativeMethodAccessorImpl.invoke0(Native Method)
	at sun.reflect.NativeMethodAccessorImpl.invoke(NativeMethodAccessorImpl.java:62)
	at sun.reflect.DelegatingMethodAccessorImpl.invoke(DelegatingMethodAccessorImpl.java:43)
	at java.lang.reflect.Method.invoke(Method.java:498)
	at org.testng.internal.MethodInvocationHelper.invokeMethod(MethodInvocationHelper.java:124)
	at org.testng.internal.Invoker.invokeMethod(Invoker.java:571)
	at org.testng.internal.Invoker.invokeTestMethod(Invoker.java:707)
	at org.testng.internal.Invoker.invokeTestMethods(Invoker.java:979)
	at org.testng.internal.TestMethodWorker.invokeTestMethods(TestMethodWorker.java:125)
	at org.testng.internal.TestMethodWorker.run(TestMethodWorker.java:109)
	at org.testng.TestRunner.privateRun(TestRunner.java:648)
	at org.testng.TestRunner.run(TestRunner.java:505)
	at org.testng.SuiteRunner.runTest(SuiteRunner.java:455)
	at org.testng.SuiteRunner.runSequentially(SuiteRunner.java:450)
	at org.testng.SuiteRunner.privateRun(SuiteRunner.java:415)
	at org.testng.SuiteRunner.run(SuiteRunner.java:364)
	at org.testng.SuiteRunnerWorker.runSuite(SuiteRunnerWorker.java:52)
	at org.testng.SuiteRunnerWorker.run(SuiteRunnerWorker.java:84)
	at org.testng.TestNG.runSuitesSequentially(TestNG.java:1187)
	at org.testng.TestNG.runSuitesLocally(TestNG.java:1116)
	at org.testng.TestNG.runSuites(TestNG.java:1028)
	at org.testng.TestNG.run(TestNG.java:996)
	at org.testng.TestNG.privateMain(TestNG.java:1330)
	at org.testng.TestNG.main(TestNG.java:1299)
</pre></div></td>
<td>34</td>
<td>com.cs.ui.test.nb.dashboard.quicktrade.percent.C5517_UsdEth_50Percent@6a5fc7f7</td></tr>
</table><p>
<table width='100%' border='1' class='invocation-passed'>
<tr><td colspan='4' align='center'><b>PASSED TESTS</b></td></tr>
<tr><td><b>Test method</b></td>
<td width="30%"><b>Exception</b></td>
<td width="10%"><b>Time (seconds)</b></td>
<td><b>Instance</b></td>
</tr>
<tr>
<td title='com.cs.ui.test.nb.webpage.C8895_About.aboutPageHtml()'><b>aboutPageHtml</b><br>Test class: com.cs.ui.test.nb.webpage.C8895_About</td>
<td></td>
<td>36</td>
<td>com.cs.ui.test.nb.webpage.C8895_About@36d64342</td></tr>
<tr>
<td title='com.cs.ui.test.nb.webpage.C8899_AMLPolicy.amlPolicyHtml()'><b>amlPolicyHtml</b><br>Test class: com.cs.ui.test.nb.webpage.C8899_AMLPolicy</td>
<td></td>
<td>12</td>
<td>com.cs.ui.test.nb.webpage.C8899_AMLPolicy@3f3afe78</td></tr>
<tr>
<td title='com.cs.ui.test.nb.webpage.C8893_Contact.contactPageHtml()'><b>contactPageHtml</b><br>Test class: com.cs.ui.test.nb.webpage.C8893_Contact</td>
<td></td>
<td>21</td>
<td>com.cs.ui.test.nb.webpage.C8893_Contact@39ba5a14</td></tr>
<tr>
<td title='com.cs.ui.test.nb.webpage.C8894_FundingOptions.fundingOptionsHtml()'><b>fundingOptionsHtml</b><br>Test class: com.cs.ui.test.nb.webpage.C8894_FundingOptions</td>
<td></td>
<td>8</td>
<td>com.cs.ui.test.nb.webpage.C8894_FundingOptions@7f63425a</td></tr>
<tr>
<td title='com.cs.ui.test.nb.webpage.C8887_HowItWorks.howItWorksHtml()'><b>howItWorksHtml</b><br>Test class: com.cs.ui.test.nb.webpage.C8887_HowItWorks</td>
<td></td>
<td>4</td>
<td>com.cs.ui.test.nb.webpage.C8887_HowItWorks@880ec60</td></tr>
<tr>
<td title='com.cs.ui.test.nb.dashboard.C5479_loginLogout.loginLogout()'><b>loginLogout</b><br>Test class: com.cs.ui.test.nb.dashboard.C5479_loginLogout</td>
<td></td>
<td>18</td>
<td>com.cs.ui.test.nb.dashboard.C5479_loginLogout@2752f6e2</td></tr>
<tr>
<td title='com.cs.ui.test.nb.webpage.C8898_PrivacyPolicy.privacyPolicyHtml()'><b>privacyPolicyHtml</b><br>Test class: com.cs.ui.test.nb.webpage.C8898_PrivacyPolicy</td>
<td></td>
<td>5</td>
<td>com.cs.ui.test.nb.webpage.C8898_PrivacyPolicy@34ce8af7</td></tr>
<tr>
<td title='com.cs.ui.test.nb.dashboard.quicktrade.C5523_BtcBch.quickTradeBtcBch()'><b>quickTradeBtcBch</b><br>Test class: com.cs.ui.test.nb.dashboard.quicktrade.C5523_BtcBch</td>
<td></td>
<td>429</td>
<td>com.cs.ui.test.nb.dashboard.quicktrade.C5523_BtcBch@58ceff1</td></tr>
<tr>
<td title='com.cs.ui.test.nb.dashboard.quicktrade.C5525_BtcDash.quickTradeBtcDash()'><b>quickTradeBtcDash</b><br>Test class: com.cs.ui.test.nb.dashboard.quicktrade.C5525_BtcDash</td>
<td></td>
<td>458</td>
<td>com.cs.ui.test.nb.dashboard.quicktrade.C5525_BtcDash@27f674d</td></tr>
<tr>
<td title='com.cs.ui.test.nb.dashboard.quicktrade.C5524_BtcDoge.quickTradeBtcDoge()'><b>quickTradeBtcDoge</b><br>Test class: com.cs.ui.test.nb.dashboard.quicktrade.C5524_BtcDoge</td>
<td></td>
<td>483</td>
<td>com.cs.ui.test.nb.dashboard.quicktrade.C5524_BtcDoge@7c30a502</td></tr>
<tr>
<td title='com.cs.ui.test.nb.dashboard.quicktrade.C5522_BtcEth.quickTradeBtcEth()'><b>quickTradeBtcEth</b><br>Test class: com.cs.ui.test.nb.dashboard.quicktrade.C5522_BtcEth</td>
<td></td>
<td>423</td>
<td>com.cs.ui.test.nb.dashboard.quicktrade.C5522_BtcEth@1d251891</td></tr>
<tr>
<td title='com.cs.ui.test.nb.dashboard.quicktrade.C5508_BtcLtc.quickTradeBtcLtc()'><b>quickTradeBtcLtc</b><br>Test class: com.cs.ui.test.nb.dashboard.quicktrade.C5508_BtcLtc</td>
<td></td>
<td>297</td>
<td>com.cs.ui.test.nb.dashboard.quicktrade.C5508_BtcLtc@4c203ea1</td></tr>
<tr>
<td title='com.cs.ui.test.nb.dashboard.quicktrade.C5506_CadBtc.quickTradeCadBtc()'><b>quickTradeCadBtc</b><br>Test class: com.cs.ui.test.nb.dashboard.quicktrade.C5506_CadBtc</td>
<td></td>
<td>400</td>
<td>com.cs.ui.test.nb.dashboard.quicktrade.C5506_CadBtc@49e4cb85</td></tr>
<tr>
<td title='com.cs.ui.test.nb.dashboard.quicktrade.C5510_CadDash.quickTradeCadDash()'><b>quickTradeCadDash</b><br>Test class: com.cs.ui.test.nb.dashboard.quicktrade.C5510_CadDash</td>
<td></td>
<td>179</td>
<td>com.cs.ui.test.nb.dashboard.quicktrade.C5510_CadDash@3ac3fd8b</td></tr>
<tr>
<td title='com.cs.ui.test.nb.dashboard.quicktrade.C5504_CadDoge.quickTradeCadDoge()'><b>quickTradeCadDoge</b><br>Test class: com.cs.ui.test.nb.dashboard.quicktrade.C5504_CadDoge</td>
<td></td>
<td>440</td>
<td>com.cs.ui.test.nb.dashboard.quicktrade.C5504_CadDoge@2133c8f8</td></tr>
<tr>
<td title='com.cs.ui.test.nb.dashboard.quicktrade.C5502_CadEth.quickTradeCadEth()'><b>quickTradeCadEth</b><br>Test class: com.cs.ui.test.nb.dashboard.quicktrade.C5502_CadEth</td>
<td></td>
<td>425</td>
<td>com.cs.ui.test.nb.dashboard.quicktrade.C5502_CadEth@48140564</td></tr>
<tr>
<td title='com.cs.ui.test.nb.dashboard.quicktrade.C5503_CadLtc.quickTradeCadLtc()'><b>quickTradeCadLtc</b><br>Test class: com.cs.ui.test.nb.dashboard.quicktrade.C5503_CadLtc</td>
<td></td>
<td>175</td>
<td>com.cs.ui.test.nb.dashboard.quicktrade.C5503_CadLtc@43a25848</td></tr>
<tr>
<td title='com.cs.ui.test.nb.dashboard.quicktrade.C5507_CadUsd.quickTradeCadUsd()'><b>quickTradeCadUsd</b><br>Test class: com.cs.ui.test.nb.dashboard.quicktrade.C5507_CadUsd</td>
<td></td>
<td>191</td>
<td>com.cs.ui.test.nb.dashboard.quicktrade.C5507_CadUsd@7c75222b</td></tr>
<tr>
<td title='com.cs.ui.test.nb.dashboard.quicktrade.percent.C5518_UsdLtc_100Percent.quickTradeUsdLTC_100Percent()'><b>quickTradeUsdLTC_100Percent</b><br>Test class: com.cs.ui.test.nb.dashboard.quicktrade.percent.C5518_UsdLtc_100Percent</td>
<td></td>
<td>206</td>
<td>com.cs.ui.test.nb.dashboard.quicktrade.percent.C5518_UsdLtc_100Percent@3b6eb2ec</td></tr>
<tr>
<td title='com.cs.ui.test.nb.webpage.C8897_TermsAndConditions.termsPageHtml()'><b>termsPageHtml</b><br>Test class: com.cs.ui.test.nb.webpage.C8897_TermsAndConditions</td>
<td></td>
<td>5</td>
<td>com.cs.ui.test.nb.webpage.C8897_TermsAndConditions@6e8dacdf</td></tr>
<tr>
<td title='com.cs.ui.test.nb.webpage.C8896_TradingFees.tradingFeesHtml()'><b>tradingFeesHtml</b><br>Test class: com.cs.ui.test.nb.webpage.C8896_TradingFees</td>
<td></td>
<td>20</td>
<td>com.cs.ui.test.nb.webpage.C8896_TradingFees@b684286</td></tr>
<tr>
<td title='com.cs.ui.test.nb.webpage.C8886_WealthPage.wealthPageHtml()'><b>wealthPageHtml</b><br>Test class: com.cs.ui.test.nb.webpage.C8886_WealthPage</td>
<td></td>
<td>20</td>
<td>com.cs.ui.test.nb.webpage.C8886_WealthPage@511baa65</td></tr>
</table><p>
</body>
</html>